<?xml version="1.0" encoding="UTF-8"?>
<!-- Generated by org.testng.reporters.JUnitReportReporter -->
<testsuite hostname="DESKTOP-O037IOL" failures="0" tests="4" name="com.crm.qa.testcases.LoginPageTest" time="26.358" errors="0" timestamp="2023-11-29T10:11:49 MST" skipped="0">
  <testcase classname="com.crm.qa.testcases.LoginPageTest" name="loginpPageTitleTest" time="6.125"/>
  <system-out/>
  <testcase classname="com.crm.qa.testcases.LoginPageTest" name="crmLogoImageTest" time="4.746"/>
  <system-out/>
  <testcase classname="com.crm.qa.testcases.LoginPageTest" name="crmLoginButtonTest" time="7.619"/>
  <system-out/>
  <testcase classname="com.crm.qa.testcases.LoginPageTest" name="crmLoginTest" time="7.868"/>
  <system-out/>
</testsuite> <!-- com.crm.qa.testcases.LoginPageTest -->
