<?xml version="1.0" encoding="UTF-8"?>
<!-- Generated by org.testng.reporters.JUnitReportReporter -->
<testsuite hostname="DESKTOP-O037IOL" failures="0" tests="1" name="com.crm.qa.testcases.HomePageTest" time="14.376" errors="0" timestamp="2023-12-02T19:58:12 MST" skipped="0">
  <testcase classname="com.crm.qa.testcases.HomePageTest" name="validateUserNameDisplay" time="14.376"/>
  <system-out/>
</testsuite> <!-- com.crm.qa.testcases.HomePageTest -->
